<?xml version="1.0" encoding="UTF-8"?>
<!-- Generated by org.testng.reporters.JUnitXMLReporter -->
<testsuite ignored="2" hostname="DESKTOP-P6508QM" failures="1" tests="2" name="TestRunner1" time="271.801" errors="0" timestamp="2022-08-18T12:21:35 IST">
  <testcase classname="com.wizGrade.GenericFiles.BaseClass" name="@BeforeClass configBC" time="78.362">
    <failure type="org.openqa.selenium.WebDriverException" message="unknown error: DevToolsActivePort file doesn&amp;apos;t exist
Build info: version: &amp;apos;3.141.59&amp;apos;, revision: &amp;apos;e82be7d358&amp;apos;, time: &amp;apos;2018-11-14T08:17:03&amp;apos;
System info: host: &amp;apos;DESKTOP-P6508QM&amp;apos;, ip: &amp;apos;192.168.0.227&amp;apos;, os.name: &amp;apos;Windows 10&amp;apos;, os.arch: &amp;apos;amd64&amp;apos;, os.version: &amp;apos;10.0&amp;apos;, java.version: &amp;apos;17.0.3&amp;apos;
Driver info: driver.version: ChromeDriver
remote stacktrace: Backtrace:
	Ordinal0 [0x00705FD3+2187219]
	Ordinal0 [0x0069E6D1+1763025]
	Ordinal0 [0x005B3E78+802424]
	Ordinal0 [0x005D45F2+935410]
	Ordinal0 [0x005D0BFE+920574]
	Ordinal0 [0x005CE691+910993]
	Ordinal0 [0x006017F0+1120240]
	Ordinal0 [0x0060144A+1119306]
	Ordinal0 [0x005FC9A6+1100198]
	Ordinal0 [0x005D6F80+946048]
	Ordinal0 [0x005D7E76+949878]
	GetHandleVerifier [0x009A90C2+2721218]
	GetHandleVerifier [0x0099AAF0+2662384]
	GetHandleVerifier [0x0079137A+526458]
	GetHandleVerifier [0x00790416+522518]
	Ordinal0 [0x006A4EAB+1789611]
	Ordinal0 [0x006A97A8+1808296]
	Ordinal0 [0x006A9895+1808533]
	Ordinal0 [0x006B26C1+1844929]
	BaseThreadInitThunk [0x7527FA29+25]
	RtlGetAppContainerNamedObjectPath [0x77227A9E+286]
	RtlGetAppContainerNamedObjectPath [0x77227A6E+238]
">
      <![CDATA[org.openqa.selenium.WebDriverException: unknown error: DevToolsActivePort file doesn't exist
Build info: version: '3.141.59', revision: 'e82be7d358', time: '2018-11-14T08:17:03'
System info: host: 'DESKTOP-P6508QM', ip: '192.168.0.227', os.name: 'Windows 10', os.arch: 'amd64', os.version: '10.0', java.version: '17.0.3'
Driver info: driver.version: ChromeDriver
remote stacktrace: Backtrace:
Ordinal0 [0x00705FD3+2187219]
Ordinal0 [0x0069E6D1+1763025]
Ordinal0 [0x005B3E78+802424]
Ordinal0 [0x005D45F2+935410]
Ordinal0 [0x005D0BFE+920574]
Ordinal0 [0x005CE691+910993]
Ordinal0 [0x006017F0+1120240]
Ordinal0 [0x0060144A+1119306]
Ordinal0 [0x005FC9A6+1100198]
Ordinal0 [0x005D6F80+946048]
Ordinal0 [0x005D7E76+949878]
GetHandleVerifier [0x009A90C2+2721218]
GetHandleVerifier [0x0099AAF0+2662384]
GetHandleVerifier [0x0079137A+526458]
GetHandleVerifier [0x00790416+522518]
Ordinal0 [0x006A4EAB+1789611]
Ordinal0 [0x006A97A8+1808296]
Ordinal0 [0x006A9895+1808533]
Ordinal0 [0x006B26C1+1844929]
BaseThreadInitThunk [0x7527FA29+25]
RtlGetAppContainerNamedObjectPath [0x77227A9E+286]
RtlGetAppContainerNamedObjectPath [0x77227A6E+238]

at org.openqa.selenium.remote.W3CHandshakeResponse.lambda$errorHandler$0(W3CHandshakeResponse.java:62)
at org.openqa.selenium.remote.HandshakeResponse.lambda$getResponseFunction$0(HandshakeResponse.java:30)
at org.openqa.selenium.remote.ProtocolHandshake.lambda$createSession$0(ProtocolHandshake.java:126)
at java.base/java.util.stream.ReferencePipeline$3$1.accept(ReferencePipeline.java:197)
at java.base/java.util.Spliterators$ArraySpliterator.tryAdvance(Spliterators.java:1002)
at java.base/java.util.stream.ReferencePipeline.forEachWithCancel(ReferencePipeline.java:129)
at java.base/java.util.stream.AbstractPipeline.copyIntoWithCancel(AbstractPipeline.java:527)
at java.base/java.util.stream.AbstractPipeline.copyInto(AbstractPipeline.java:513)
at java.base/java.util.stream.AbstractPipeline.wrapAndCopyInto(AbstractPipeline.java:499)
at java.base/java.util.stream.FindOps$FindOp.evaluateSequential(FindOps.java:150)
at java.base/java.util.stream.AbstractPipeline.evaluate(AbstractPipeline.java:234)
at java.base/java.util.stream.ReferencePipeline.findFirst(ReferencePipeline.java:647)
at org.openqa.selenium.remote.ProtocolHandshake.createSession(ProtocolHandshake.java:128)
at org.openqa.selenium.remote.ProtocolHandshake.createSession(ProtocolHandshake.java:74)
at org.openqa.selenium.remote.HttpCommandExecutor.execute(HttpCommandExecutor.java:136)
at org.openqa.selenium.remote.service.DriverCommandExecutor.execute(DriverCommandExecutor.java:83)
at org.openqa.selenium.remote.RemoteWebDriver.execute(RemoteWebDriver.java:552)
at org.openqa.selenium.remote.RemoteWebDriver.startSession(RemoteWebDriver.java:213)
at org.openqa.selenium.remote.RemoteWebDriver.<init>(RemoteWebDriver.java:131)
at org.openqa.selenium.chrome.ChromeDriver.<init>(ChromeDriver.java:181)
at org.openqa.selenium.chrome.ChromeDriver.<init>(ChromeDriver.java:168)
at org.openqa.selenium.chrome.ChromeDriver.<init>(ChromeDriver.java:123)
at com.wizGrade.GenericFiles.BaseClass.configBC(BaseClass.java:39)
at java.base/java.util.ArrayList.forEach(ArrayList.java:1511)
at java.base/java.util.concurrent.FutureTask.run(FutureTask.java:264)
at java.base/java.util.concurrent.ThreadPoolExecutor.runWorker(ThreadPoolExecutor.java:1136)
at java.base/java.util.concurrent.ThreadPoolExecutor$Worker.run(ThreadPoolExecutor.java:635)
at java.base/java.lang.Thread.run(Thread.java:833)
... Removed 21 stack frames]]>
    </failure>
  </testcase> <!-- @BeforeClass configBC -->
  <testcase classname="com.wizGrade.GenericFiles.BaseClass" name="@BeforeMethod configBM" time="-1.660805301701E9">
    <skipped/>
  </testcase> <!-- @BeforeMethod configBM -->
  <testcase classname="com.wizGrade.GenericFiles.BaseClass" name="@AfterMethod configAM" time="-1.660805301724E9">
    <skipped/>
  </testcase> <!-- @AfterMethod configAM -->
  <testcase classname="com.wizGrade.GenericFiles.BaseClass" name="@AfterClass configAc" time="-1.660805301731E9">
    <skipped/>
  </testcase> <!-- @AfterClass configAc -->
  <testcase classname="com.wizGrade.GenericFiles.BaseClass" name="@AfterMethod configAM" time="0.212">
    <failure type="java.lang.NullPointerException">
      <![CDATA[java.lang.NullPointerException
at java.base/java.util.Objects.requireNonNull(Objects.java:208)
at org.openqa.selenium.interactions.Actions.<init>(Actions.java:65)
at com.wizGrade.ObjectReository.HomePage.SignOut(HomePage.java:66)
at com.wizGrade.GenericFiles.BaseClass.configAM(BaseClass.java:65)
at java.base/java.util.ArrayList.forEach(ArrayList.java:1511)
at java.base/java.util.concurrent.FutureTask.run(FutureTask.java:264)
at java.base/java.util.concurrent.ThreadPoolExecutor.runWorker(ThreadPoolExecutor.java:1136)
at java.base/java.util.concurrent.ThreadPoolExecutor$Worker.run(ThreadPoolExecutor.java:635)
at java.base/java.lang.Thread.run(Thread.java:833)
... Removed 23 stack frames]]>
    </failure>
  </testcase> <!-- @AfterMethod configAM -->
  <testcase classname="com.wizGrade.GenericFiles.BaseClass" name="@AfterClass configAc" time="-1.660805354122E9">
    <skipped/>
  </testcase> <!-- @AfterClass configAc -->
  <testcase classname="com.wizGrade.GenericFiles.BaseClass" name="@AfterMethod configAM" time="0.002">
    <failure type="java.lang.NullPointerException">
      <![CDATA[java.lang.NullPointerException
at java.base/java.util.Objects.requireNonNull(Objects.java:208)
at org.openqa.selenium.interactions.Actions.<init>(Actions.java:65)
at com.wizGrade.ObjectReository.HomePage.SignOut(HomePage.java:66)
at com.wizGrade.GenericFiles.BaseClass.configAM(BaseClass.java:65)
at java.base/java.util.ArrayList.forEach(ArrayList.java:1511)
at java.base/java.util.concurrent.FutureTask.run(FutureTask.java:264)
at java.base/java.util.concurrent.ThreadPoolExecutor.runWorker(ThreadPoolExecutor.java:1136)
at java.base/java.util.concurrent.ThreadPoolExecutor$Worker.run(ThreadPoolExecutor.java:635)
at java.base/java.lang.Thread.run(Thread.java:833)
... Removed 23 stack frames]]>
    </failure>
  </testcase> <!-- @AfterMethod configAM -->
  <testcase classname="com.wizGrade.GenericFiles.BaseClass" name="@AfterClass configAc" time="-1.660805487821E9">
    <skipped/>
  </testcase> <!-- @AfterClass configAc -->
  <testcase classname="com.wizGrade.GenericFiles.BaseClass" name="@AfterMethod configAM" time="0.001">
    <failure type="java.lang.NullPointerException">
      <![CDATA[java.lang.NullPointerException
at java.base/java.util.Objects.requireNonNull(Objects.java:208)
at org.openqa.selenium.interactions.Actions.<init>(Actions.java:65)
at com.wizGrade.ObjectReository.HomePage.SignOut(HomePage.java:66)
at com.wizGrade.GenericFiles.BaseClass.configAM(BaseClass.java:65)
at java.base/java.util.ArrayList.forEach(ArrayList.java:1511)
at java.base/java.util.concurrent.FutureTask.run(FutureTask.java:264)
at java.base/java.util.concurrent.ThreadPoolExecutor.runWorker(ThreadPoolExecutor.java:1136)
at java.base/java.util.concurrent.ThreadPoolExecutor$Worker.run(ThreadPoolExecutor.java:635)
at java.base/java.lang.Thread.run(Thread.java:833)
... Removed 23 stack frames]]>
    </failure>
  </testcase> <!-- @AfterMethod configAM -->
  <testcase classname="com.wizGrade.GenericFiles.BaseClass" name="@AfterClass configAc" time="-1.6608054951E9">
    <skipped/>
  </testcase> <!-- @AfterClass configAc -->
  <testcase classname="com.TestNGimplement.wizGrade.searchStudnet" name="Searchstudent" time="0.0">
    <skipped/>
  </testcase> <!-- Searchstudent -->
  <testcase classname="com.TestNGimplement.wizGrade.Subject" name="SubjectTest" time="8.715">
    <failure type="java.lang.AssertionError" message="expected [Subject 8885] but found [All Subject]">
      <![CDATA[java.lang.AssertionError: expected [Subject 8885] but found [All Subject]
at com.TestNGimplement.wizGrade.Subject.SubjectTest(Subject.java:35)
at java.base/java.util.ArrayList.forEach(ArrayList.java:1511)
at java.base/java.util.concurrent.FutureTask.run(FutureTask.java:264)
at java.base/java.util.concurrent.ThreadPoolExecutor.runWorker(ThreadPoolExecutor.java:1136)
at java.base/java.util.concurrent.ThreadPoolExecutor$Worker.run(ThreadPoolExecutor.java:635)
at java.base/java.lang.Thread.run(Thread.java:833)
... Removed 24 stack frames]]>
    </failure>
  </testcase> <!-- SubjectTest -->
  <testcase classname="com.wizGrade.GenericFiles.BaseClass" name="@BeforeSuite configBS" time="0.0">
    <ignored/>
  </testcase> <!-- @BeforeSuite configBS -->
  <testcase classname="com.wizGrade.GenericFiles.BaseClass" name="@AfterSuite configAS" time="0.0">
    <ignored/>
  </testcase> <!-- @AfterSuite configAS -->
</testsuite> <!-- TestRunner1 -->
